DEBUG - 2018-07-13 15:42:21 --> UTF-8 Support Enabled
DEBUG - 2018-07-13 15:42:21 --> Global POST, GET and COOKIE data sanitized
DEBUG - 2018-07-13 15:42:21 --> Total execution time: 0.0034
DEBUG - 2018-07-13 15:54:16 --> UTF-8 Support Enabled
DEBUG - 2018-07-13 15:54:16 --> Global POST, GET and COOKIE data sanitized
DEBUG - 2018-07-13 15:54:16 --> Total execution time: 0.0029
DEBUG - 2018-07-13 15:54:20 --> UTF-8 Support Enabled
DEBUG - 2018-07-13 15:54:20 --> Global POST, GET and COOKIE data sanitized
DEBUG - 2018-07-13 15:54:20 --> Total execution time: 0.0030
DEBUG - 2018-07-13 16:25:51 --> UTF-8 Support Enabled
DEBUG - 2018-07-13 16:25:51 --> Global POST, GET and COOKIE data sanitized
DEBUG - 2018-07-13 16:25:53 --> UTF-8 Support Enabled
DEBUG - 2018-07-13 16:25:53 --> No URI present. Default controller set.
DEBUG - 2018-07-13 16:25:53 --> Global POST, GET and COOKIE data sanitized
DEBUG - 2018-07-13 16:25:53 --> UTF-8 Support Enabled
DEBUG - 2018-07-13 16:25:53 --> Global POST, GET and COOKIE data sanitized
DEBUG - 2018-07-13 16:25:53 --> Total execution time: 0.0028
DEBUG - 2018-07-13 16:27:46 --> UTF-8 Support Enabled
DEBUG - 2018-07-13 16:27:46 --> Global POST, GET and COOKIE data sanitized
DEBUG - 2018-07-13 16:27:48 --> UTF-8 Support Enabled
DEBUG - 2018-07-13 16:27:48 --> No URI present. Default controller set.
DEBUG - 2018-07-13 16:27:48 --> Global POST, GET and COOKIE data sanitized
DEBUG - 2018-07-13 16:27:48 --> UTF-8 Support Enabled
DEBUG - 2018-07-13 16:27:48 --> Global POST, GET and COOKIE data sanitized
DEBUG - 2018-07-13 16:27:48 --> Total execution time: 0.0048
DEBUG - 2018-07-13 16:28:07 --> UTF-8 Support Enabled
DEBUG - 2018-07-13 16:28:07 --> Global POST, GET and COOKIE data sanitized
ERROR - 2018-07-13 16:28:07 --> Severity: Notice --> Trying to get property of non-object /var/www/fanta/application/controllers/Login.php 58
DEBUG - 2018-07-13 16:28:07 --> Total execution time: 0.0040
DEBUG - 2018-07-13 16:28:09 --> UTF-8 Support Enabled
DEBUG - 2018-07-13 16:28:09 --> No URI present. Default controller set.
DEBUG - 2018-07-13 16:28:09 --> Global POST, GET and COOKIE data sanitized
ERROR - 2018-07-13 16:28:09 --> Severity: Notice --> Use of undefined constant VERSION - assumed 'VERSION' /var/www/fanta/application/views/common/navigation.php 15
ERROR - 2018-07-13 16:28:09 --> Severity: Notice --> Trying to get property of non-object /var/www/fanta/application/views/common/navigation.php 24
ERROR - 2018-07-13 16:28:09 --> Severity: Notice --> Trying to get property of non-object /var/www/fanta/application/views/common/navigation.php 27
ERROR - 2018-07-13 16:28:09 --> Severity: Notice --> Trying to get property of non-object /var/www/fanta/application/views/common/navigation.php 105
ERROR - 2018-07-13 16:28:09 --> Severity: Notice --> Trying to get property of non-object /var/www/fanta/application/views/common/navigation.php 150
ERROR - 2018-07-13 16:28:09 --> Severity: Notice --> Trying to get property of non-object /var/www/fanta/application/views/common/navigation.php 159
ERROR - 2018-07-13 16:28:09 --> Severity: Notice --> Trying to get property of non-object /var/www/fanta/application/views/common/navigation.php 169
DEBUG - 2018-07-13 16:28:09 --> Total execution time: 0.0057
DEBUG - 2018-07-13 16:28:39 --> UTF-8 Support Enabled
DEBUG - 2018-07-13 16:28:39 --> No URI present. Default controller set.
DEBUG - 2018-07-13 16:28:39 --> Global POST, GET and COOKIE data sanitized
DEBUG - 2018-07-13 16:28:39 --> UTF-8 Support Enabled
DEBUG - 2018-07-13 16:28:39 --> Global POST, GET and COOKIE data sanitized
DEBUG - 2018-07-13 16:28:39 --> Total execution time: 0.0034
DEBUG - 2018-07-13 16:28:46 --> UTF-8 Support Enabled
DEBUG - 2018-07-13 16:28:46 --> Global POST, GET and COOKIE data sanitized
ERROR - 2018-07-13 16:28:46 --> Severity: Notice --> Trying to get property of non-object /var/www/fanta/application/controllers/Login.php 58
DEBUG - 2018-07-13 16:28:46 --> Total execution time: 0.0029
DEBUG - 2018-07-13 16:28:48 --> UTF-8 Support Enabled
DEBUG - 2018-07-13 16:28:48 --> No URI present. Default controller set.
DEBUG - 2018-07-13 16:28:48 --> Global POST, GET and COOKIE data sanitized
ERROR - 2018-07-13 16:28:48 --> Severity: Notice --> Use of undefined constant VERSION - assumed 'VERSION' /var/www/fanta/application/views/common/navigation.php 15
ERROR - 2018-07-13 16:28:48 --> Severity: Notice --> Trying to get property of non-object /var/www/fanta/application/views/common/navigation.php 24
ERROR - 2018-07-13 16:28:48 --> Severity: Notice --> Trying to get property of non-object /var/www/fanta/application/views/common/navigation.php 27
ERROR - 2018-07-13 16:28:48 --> Severity: Notice --> Trying to get property of non-object /var/www/fanta/application/views/common/navigation.php 105
ERROR - 2018-07-13 16:28:48 --> Severity: Notice --> Trying to get property of non-object /var/www/fanta/application/views/common/navigation.php 150
ERROR - 2018-07-13 16:28:48 --> Severity: Notice --> Trying to get property of non-object /var/www/fanta/application/views/common/navigation.php 159
ERROR - 2018-07-13 16:28:48 --> Severity: Notice --> Trying to get property of non-object /var/www/fanta/application/views/common/navigation.php 169
DEBUG - 2018-07-13 16:28:48 --> Total execution time: 0.0043
DEBUG - 2018-07-13 16:31:33 --> UTF-8 Support Enabled
DEBUG - 2018-07-13 16:31:33 --> No URI present. Default controller set.
DEBUG - 2018-07-13 16:31:33 --> Global POST, GET and COOKIE data sanitized
ERROR - 2018-07-13 16:31:33 --> Severity: Notice --> Trying to get property of non-object /var/www/fanta/application/views/common/navigation.php 26
DEBUG - 2018-07-13 16:31:33 --> Total execution time: 0.0041
DEBUG - 2018-07-13 16:31:50 --> UTF-8 Support Enabled
DEBUG - 2018-07-13 16:31:50 --> No URI present. Default controller set.
DEBUG - 2018-07-13 16:31:50 --> Global POST, GET and COOKIE data sanitized
ERROR - 2018-07-13 16:31:50 --> Severity: Notice --> Trying to get property of non-object /var/www/fanta/application/views/common/navigation.php 26
DEBUG - 2018-07-13 16:31:50 --> Total execution time: 0.0034
DEBUG - 2018-07-13 16:32:11 --> UTF-8 Support Enabled
DEBUG - 2018-07-13 16:32:11 --> No URI present. Default controller set.
DEBUG - 2018-07-13 16:32:11 --> Global POST, GET and COOKIE data sanitized
DEBUG - 2018-07-13 16:32:11 --> UTF-8 Support Enabled
DEBUG - 2018-07-13 16:32:11 --> Global POST, GET and COOKIE data sanitized
DEBUG - 2018-07-13 16:32:11 --> Total execution time: 0.0032
DEBUG - 2018-07-13 16:32:17 --> UTF-8 Support Enabled
DEBUG - 2018-07-13 16:32:17 --> Global POST, GET and COOKIE data sanitized
ERROR - 2018-07-13 16:32:17 --> Severity: Notice --> Trying to get property of non-object /var/www/fanta/application/controllers/Login.php 58
DEBUG - 2018-07-13 16:32:17 --> Total execution time: 0.0028
DEBUG - 2018-07-13 16:32:19 --> UTF-8 Support Enabled
DEBUG - 2018-07-13 16:32:19 --> No URI present. Default controller set.
DEBUG - 2018-07-13 16:32:19 --> Global POST, GET and COOKIE data sanitized
ERROR - 2018-07-13 16:32:19 --> Severity: Notice --> Trying to get property of non-object /var/www/fanta/application/views/common/navigation.php 26
DEBUG - 2018-07-13 16:32:19 --> Total execution time: 0.0042
DEBUG - 2018-07-13 16:32:33 --> UTF-8 Support Enabled
DEBUG - 2018-07-13 16:32:33 --> No URI present. Default controller set.
DEBUG - 2018-07-13 16:32:33 --> Global POST, GET and COOKIE data sanitized
DEBUG - 2018-07-13 16:32:33 --> UTF-8 Support Enabled
DEBUG - 2018-07-13 16:32:33 --> Global POST, GET and COOKIE data sanitized
DEBUG - 2018-07-13 16:32:33 --> Total execution time: 0.0034
DEBUG - 2018-07-13 16:32:39 --> UTF-8 Support Enabled
DEBUG - 2018-07-13 16:32:39 --> Global POST, GET and COOKIE data sanitized
DEBUG - 2018-07-13 16:32:39 --> Total execution time: 0.0025
DEBUG - 2018-07-13 16:32:44 --> UTF-8 Support Enabled
DEBUG - 2018-07-13 16:32:44 --> Global POST, GET and COOKIE data sanitized
DEBUG - 2018-07-13 16:32:44 --> Total execution time: 0.0057
DEBUG - 2018-07-13 16:32:49 --> UTF-8 Support Enabled
DEBUG - 2018-07-13 16:32:49 --> Global POST, GET and COOKIE data sanitized
DEBUG - 2018-07-13 16:32:49 --> Total execution time: 0.0026
DEBUG - 2018-07-13 16:32:56 --> UTF-8 Support Enabled
DEBUG - 2018-07-13 16:32:56 --> Global POST, GET and COOKIE data sanitized
DEBUG - 2018-07-13 16:32:56 --> Total execution time: 0.0120
DEBUG - 2018-07-13 16:32:58 --> UTF-8 Support Enabled
DEBUG - 2018-07-13 16:32:58 --> No URI present. Default controller set.
DEBUG - 2018-07-13 16:32:58 --> Global POST, GET and COOKIE data sanitized
DEBUG - 2018-07-13 16:32:58 --> Total execution time: 0.0054
DEBUG - 2018-07-13 16:33:56 --> UTF-8 Support Enabled
DEBUG - 2018-07-13 16:33:56 --> Global POST, GET and COOKIE data sanitized
ERROR - 2018-07-13 16:33:56 --> 404 Page Not Found: Setpassword/index
DEBUG - 2018-07-13 17:25:58 --> UTF-8 Support Enabled
DEBUG - 2018-07-13 17:25:58 --> Global POST, GET and COOKIE data sanitized
ERROR - 2018-07-13 17:25:58 --> 404 Page Not Found: Setpassword/index
DEBUG - 2018-07-13 17:26:15 --> UTF-8 Support Enabled
DEBUG - 2018-07-13 17:26:15 --> No URI present. Default controller set.
DEBUG - 2018-07-13 17:26:15 --> Global POST, GET and COOKIE data sanitized
DEBUG - 2018-07-13 17:26:15 --> Total execution time: 0.0040
DEBUG - 2018-07-13 17:26:23 --> UTF-8 Support Enabled
DEBUG - 2018-07-13 17:26:23 --> Global POST, GET and COOKIE data sanitized
DEBUG - 2018-07-13 17:26:23 --> Unable to find callback validation rule: validPassword
DEBUG - 2018-07-13 17:26:23 --> Total execution time: 0.0117
DEBUG - 2018-07-13 17:37:46 --> UTF-8 Support Enabled
DEBUG - 2018-07-13 17:37:46 --> No URI present. Default controller set.
DEBUG - 2018-07-13 17:37:46 --> Global POST, GET and COOKIE data sanitized
DEBUG - 2018-07-13 17:37:46 --> Total execution time: 0.0036
DEBUG - 2018-07-13 17:37:54 --> UTF-8 Support Enabled
DEBUG - 2018-07-13 17:37:54 --> Global POST, GET and COOKIE data sanitized
DEBUG - 2018-07-13 17:37:54 --> Unable to find callback validation rule: validPassword
DEBUG - 2018-07-13 17:37:54 --> Total execution time: 0.0091
DEBUG - 2018-07-13 17:38:40 --> UTF-8 Support Enabled
DEBUG - 2018-07-13 17:38:40 --> No URI present. Default controller set.
DEBUG - 2018-07-13 17:38:40 --> Global POST, GET and COOKIE data sanitized
DEBUG - 2018-07-13 17:38:40 --> Total execution time: 0.0035
DEBUG - 2018-07-13 17:38:47 --> UTF-8 Support Enabled
DEBUG - 2018-07-13 17:38:47 --> Global POST, GET and COOKIE data sanitized
DEBUG - 2018-07-13 17:38:47 --> Unable to find callback validation rule: validPassword
DEBUG - 2018-07-13 17:38:47 --> Total execution time: 0.0035
DEBUG - 2018-07-13 17:39:02 --> UTF-8 Support Enabled
DEBUG - 2018-07-13 17:39:02 --> No URI present. Default controller set.
DEBUG - 2018-07-13 17:39:02 --> Global POST, GET and COOKIE data sanitized
DEBUG - 2018-07-13 17:39:02 --> Total execution time: 0.0034
DEBUG - 2018-07-13 17:39:06 --> UTF-8 Support Enabled
DEBUG - 2018-07-13 17:39:06 --> Global POST, GET and COOKIE data sanitized
DEBUG - 2018-07-13 17:39:06 --> Unable to find callback validation rule: validPassword
DEBUG - 2018-07-13 17:39:06 --> Total execution time: 0.0054
DEBUG - 2018-07-13 17:39:49 --> UTF-8 Support Enabled
DEBUG - 2018-07-13 17:39:49 --> No URI present. Default controller set.
DEBUG - 2018-07-13 17:39:49 --> Global POST, GET and COOKIE data sanitized
DEBUG - 2018-07-13 17:39:49 --> Total execution time: 0.0032
DEBUG - 2018-07-13 17:39:54 --> UTF-8 Support Enabled
DEBUG - 2018-07-13 17:39:54 --> Global POST, GET and COOKIE data sanitized
DEBUG - 2018-07-13 17:39:54 --> Unable to find callback validation rule: validPassword
DEBUG - 2018-07-13 17:39:54 --> Total execution time: 0.0032
DEBUG - 2018-07-13 17:40:12 --> UTF-8 Support Enabled
DEBUG - 2018-07-13 17:40:12 --> No URI present. Default controller set.
DEBUG - 2018-07-13 17:40:12 --> Global POST, GET and COOKIE data sanitized
DEBUG - 2018-07-13 17:40:12 --> Total execution time: 0.0027
DEBUG - 2018-07-13 17:40:17 --> UTF-8 Support Enabled
DEBUG - 2018-07-13 17:40:17 --> Global POST, GET and COOKIE data sanitized
DEBUG - 2018-07-13 17:40:17 --> Unable to find callback validation rule: validPassword
DEBUG - 2018-07-13 17:40:17 --> Total execution time: 0.0102
DEBUG - 2018-07-13 17:40:30 --> UTF-8 Support Enabled
DEBUG - 2018-07-13 17:40:30 --> No URI present. Default controller set.
DEBUG - 2018-07-13 17:40:30 --> Global POST, GET and COOKIE data sanitized
DEBUG - 2018-07-13 17:40:30 --> Total execution time: 0.0027
DEBUG - 2018-07-13 17:40:35 --> UTF-8 Support Enabled
DEBUG - 2018-07-13 17:40:35 --> Global POST, GET and COOKIE data sanitized
DEBUG - 2018-07-13 17:40:35 --> Unable to find callback validation rule: validPassword
DEBUG - 2018-07-13 17:40:35 --> Total execution time: 0.0062
DEBUG - 2018-07-13 17:40:49 --> UTF-8 Support Enabled
DEBUG - 2018-07-13 17:40:49 --> No URI present. Default controller set.
DEBUG - 2018-07-13 17:40:49 --> Global POST, GET and COOKIE data sanitized
DEBUG - 2018-07-13 17:40:49 --> Total execution time: 0.0034
DEBUG - 2018-07-13 17:40:55 --> UTF-8 Support Enabled
DEBUG - 2018-07-13 17:40:55 --> Global POST, GET and COOKIE data sanitized
DEBUG - 2018-07-13 17:40:55 --> Unable to find callback validation rule: validPassword
DEBUG - 2018-07-13 17:40:55 --> Total execution time: 0.0104
DEBUG - 2018-07-13 17:46:26 --> UTF-8 Support Enabled
DEBUG - 2018-07-13 17:46:26 --> Global POST, GET and COOKIE data sanitized
DEBUG - 2018-07-13 17:46:26 --> Unable to find callback validation rule: validPassword
DEBUG - 2018-07-13 17:46:26 --> Total execution time: 0.0035
DEBUG - 2018-07-13 17:47:21 --> UTF-8 Support Enabled
DEBUG - 2018-07-13 17:47:21 --> Global POST, GET and COOKIE data sanitized
DEBUG - 2018-07-13 17:47:21 --> Total execution time: 0.0031
DEBUG - 2018-07-13 17:47:34 --> UTF-8 Support Enabled
DEBUG - 2018-07-13 17:47:34 --> Global POST, GET and COOKIE data sanitized
ERROR - 2018-07-13 17:47:34 --> Severity: Error --> Call to undefined method Users_model::updateUser() /var/www/fanta/application/controllers/Login.php 99
DEBUG - 2018-07-13 17:48:50 --> UTF-8 Support Enabled
DEBUG - 2018-07-13 17:48:50 --> Global POST, GET and COOKIE data sanitized
DEBUG - 2018-07-13 17:48:50 --> Total execution time: 0.0041
DEBUG - 2018-07-13 17:50:50 --> UTF-8 Support Enabled
DEBUG - 2018-07-13 17:50:50 --> Global POST, GET and COOKIE data sanitized
DEBUG - 2018-07-13 17:50:50 --> Total execution time: 0.0033
DEBUG - 2018-07-13 18:53:48 --> UTF-8 Support Enabled
DEBUG - 2018-07-13 18:53:48 --> No URI present. Default controller set.
DEBUG - 2018-07-13 18:53:48 --> Global POST, GET and COOKIE data sanitized
DEBUG - 2018-07-13 18:53:48 --> Total execution time: 0.0518
DEBUG - 2018-07-13 18:53:48 --> UTF-8 Support Enabled
DEBUG - 2018-07-13 18:53:48 --> Global POST, GET and COOKIE data sanitized
ERROR - 2018-07-13 18:53:48 --> 404 Page Not Found: Assets/css
DEBUG - 2018-07-13 18:53:48 --> UTF-8 Support Enabled
DEBUG - 2018-07-13 18:53:48 --> Global POST, GET and COOKIE data sanitized
ERROR - 2018-07-13 18:53:48 --> 404 Page Not Found: Faviconico/index
DEBUG - 2018-07-13 18:54:04 --> UTF-8 Support Enabled
DEBUG - 2018-07-13 18:54:04 --> No URI present. Default controller set.
DEBUG - 2018-07-13 18:54:04 --> Global POST, GET and COOKIE data sanitized
DEBUG - 2018-07-13 18:54:04 --> Total execution time: 0.0059
DEBUG - 2018-07-13 18:54:04 --> UTF-8 Support Enabled
DEBUG - 2018-07-13 18:54:04 --> Global POST, GET and COOKIE data sanitized
ERROR - 2018-07-13 18:54:04 --> 404 Page Not Found: Assets/css
DEBUG - 2018-07-13 18:54:06 --> UTF-8 Support Enabled
DEBUG - 2018-07-13 18:54:06 --> No URI present. Default controller set.
DEBUG - 2018-07-13 18:54:06 --> Global POST, GET and COOKIE data sanitized
DEBUG - 2018-07-13 18:54:06 --> Total execution time: 0.0037
DEBUG - 2018-07-13 18:59:10 --> UTF-8 Support Enabled
DEBUG - 2018-07-13 18:59:10 --> No URI present. Default controller set.
DEBUG - 2018-07-13 18:59:10 --> Global POST, GET and COOKIE data sanitized
DEBUG - 2018-07-13 18:59:10 --> Total execution time: 0.0062
DEBUG - 2018-07-13 18:59:20 --> UTF-8 Support Enabled
DEBUG - 2018-07-13 18:59:20 --> No URI present. Default controller set.
DEBUG - 2018-07-13 18:59:20 --> Global POST, GET and COOKIE data sanitized
DEBUG - 2018-07-13 18:59:20 --> Total execution time: 0.0046
DEBUG - 2018-07-13 18:59:20 --> UTF-8 Support Enabled
DEBUG - 2018-07-13 18:59:20 --> Global POST, GET and COOKIE data sanitized
ERROR - 2018-07-13 18:59:20 --> 404 Page Not Found: Assets/css
DEBUG - 2018-07-13 18:59:20 --> UTF-8 Support Enabled
DEBUG - 2018-07-13 18:59:20 --> Global POST, GET and COOKIE data sanitized
ERROR - 2018-07-13 18:59:20 --> 404 Page Not Found: Assets/js
DEBUG - 2018-07-13 18:59:20 --> UTF-8 Support Enabled
DEBUG - 2018-07-13 18:59:20 --> Global POST, GET and COOKIE data sanitized
ERROR - 2018-07-13 18:59:20 --> 404 Page Not Found: Assets/js
DEBUG - 2018-07-13 18:59:20 --> UTF-8 Support Enabled
DEBUG - 2018-07-13 18:59:20 --> Global POST, GET and COOKIE data sanitized
ERROR - 2018-07-13 18:59:20 --> 404 Page Not Found: Faviconico/index
DEBUG - 2018-07-13 18:59:23 --> UTF-8 Support Enabled
DEBUG - 2018-07-13 18:59:23 --> No URI present. Default controller set.
DEBUG - 2018-07-13 18:59:23 --> Global POST, GET and COOKIE data sanitized
DEBUG - 2018-07-13 18:59:23 --> Total execution time: 0.0070
DEBUG - 2018-07-13 18:59:23 --> UTF-8 Support Enabled
DEBUG - 2018-07-13 18:59:23 --> Global POST, GET and COOKIE data sanitized
ERROR - 2018-07-13 18:59:23 --> 404 Page Not Found: Assets/css
DEBUG - 2018-07-13 18:59:23 --> UTF-8 Support Enabled
DEBUG - 2018-07-13 18:59:23 --> Global POST, GET and COOKIE data sanitized
ERROR - 2018-07-13 18:59:23 --> 404 Page Not Found: Assets/js
DEBUG - 2018-07-13 18:59:24 --> UTF-8 Support Enabled
DEBUG - 2018-07-13 18:59:24 --> Global POST, GET and COOKIE data sanitized
ERROR - 2018-07-13 18:59:24 --> 404 Page Not Found: Assets/js
DEBUG - 2018-07-13 18:59:24 --> UTF-8 Support Enabled
DEBUG - 2018-07-13 18:59:24 --> Global POST, GET and COOKIE data sanitized
ERROR - 2018-07-13 18:59:24 --> 404 Page Not Found: Faviconico/index
DEBUG - 2018-07-13 18:59:25 --> UTF-8 Support Enabled
DEBUG - 2018-07-13 18:59:25 --> Global POST, GET and COOKIE data sanitized
ERROR - 2018-07-13 18:59:25 --> 404 Page Not Found: Assets/css
DEBUG - 2018-07-13 18:59:32 --> UTF-8 Support Enabled
DEBUG - 2018-07-13 18:59:32 --> Global POST, GET and COOKIE data sanitized
ERROR - 2018-07-13 18:59:32 --> 404 Page Not Found: Assets/css
DEBUG - 2018-07-13 18:59:55 --> UTF-8 Support Enabled
DEBUG - 2018-07-13 18:59:55 --> No URI present. Default controller set.
DEBUG - 2018-07-13 18:59:55 --> Global POST, GET and COOKIE data sanitized
DEBUG - 2018-07-13 18:59:55 --> Total execution time: 0.0080
DEBUG - 2018-07-13 18:59:55 --> UTF-8 Support Enabled
DEBUG - 2018-07-13 18:59:55 --> Global POST, GET and COOKIE data sanitized
ERROR - 2018-07-13 18:59:55 --> 404 Page Not Found: Assets/bootstrap
DEBUG - 2018-07-13 18:59:55 --> UTF-8 Support Enabled
DEBUG - 2018-07-13 18:59:55 --> Global POST, GET and COOKIE data sanitized
ERROR - 2018-07-13 18:59:55 --> 404 Page Not Found: Assets/bootstrap
DEBUG - 2018-07-13 19:00:10 --> UTF-8 Support Enabled
DEBUG - 2018-07-13 19:00:10 --> No URI present. Default controller set.
DEBUG - 2018-07-13 19:00:10 --> Global POST, GET and COOKIE data sanitized
DEBUG - 2018-07-13 19:00:10 --> Total execution time: 0.0061
DEBUG - 2018-07-13 19:02:06 --> UTF-8 Support Enabled
DEBUG - 2018-07-13 19:02:06 --> Global POST, GET and COOKIE data sanitized
DEBUG - 2018-07-13 19:02:06 --> Total execution time: 0.0155
DEBUG - 2018-07-13 19:02:20 --> UTF-8 Support Enabled
DEBUG - 2018-07-13 19:02:20 --> Global POST, GET and COOKIE data sanitized
DEBUG - 2018-07-13 19:02:20 --> Total execution time: 0.0116
DEBUG - 2018-07-13 19:15:43 --> UTF-8 Support Enabled
DEBUG - 2018-07-13 19:15:43 --> No URI present. Default controller set.
DEBUG - 2018-07-13 19:15:43 --> Global POST, GET and COOKIE data sanitized
DEBUG - 2018-07-13 19:15:43 --> Total execution time: 0.0048
DEBUG - 2018-07-13 19:16:12 --> UTF-8 Support Enabled
DEBUG - 2018-07-13 19:16:12 --> No URI present. Default controller set.
DEBUG - 2018-07-13 19:16:12 --> Global POST, GET and COOKIE data sanitized
DEBUG - 2018-07-13 19:16:12 --> Total execution time: 0.0035
DEBUG - 2018-07-13 19:17:40 --> UTF-8 Support Enabled
DEBUG - 2018-07-13 19:17:40 --> No URI present. Default controller set.
DEBUG - 2018-07-13 19:17:40 --> Global POST, GET and COOKIE data sanitized
DEBUG - 2018-07-13 19:17:40 --> Total execution time: 0.0072
DEBUG - 2018-07-13 19:17:46 --> UTF-8 Support Enabled
DEBUG - 2018-07-13 19:17:46 --> Global POST, GET and COOKIE data sanitized
ERROR - 2018-07-13 19:17:46 --> 404 Page Not Found: Matches/index
DEBUG - 2018-07-13 19:17:48 --> UTF-8 Support Enabled
DEBUG - 2018-07-13 19:17:48 --> No URI present. Default controller set.
DEBUG - 2018-07-13 19:17:48 --> Global POST, GET and COOKIE data sanitized
DEBUG - 2018-07-13 19:17:48 --> Total execution time: 0.0074
